
Showing logs for build [32mcb-kubecd-environment-pr-215-4-5t8dc-1[0m stage [32mfrom-build-pack[0m and container [32mstep-credential-initializer-4wwct[0m
{"level":"info","ts":1588820485.324725,"logger":"fallback-logger","caller":"logging/config.go:69","msg":"Fetch GitHub commit ID from kodata failed: open /var/run/ko/refs/heads/0.8.0-ns-support: no such file or directory"}
{"level":"info","ts":1588820485.325182,"logger":"fallback-logger","caller":"creds-init/main.go:40","msg":"Credentials initialized."}

Showing logs for build [32mcb-kubecd-environment-pr-215-4-5t8dc-1[0m stage [32mfrom-build-pack[0m and container [32mstep-working-dir-initializer-fvs87[0m
{"level":"info","ts":1588820486.6742756,"logger":"fallback-logger","caller":"logging/config.go:69","msg":"Fetch GitHub commit ID from kodata failed: open /var/run/ko/HEAD: no such file or directory"}
{"level":"info","ts":1588820486.6757383,"logger":"fallback-logger","caller":"bash/main.go:64","msg":"Successfully executed command \"sh -c mkdir -p /workspace/source\"; output "}

Showing logs for build [32mcb-kubecd-environment-pr-215-4-5t8dc-1[0m stage [32mfrom-build-pack[0m and container [32mstep-place-tools[0m

Showing logs for build [32mcb-kubecd-environment-pr-215-4-5t8dc-1[0m stage [32mfrom-build-pack[0m and container [32mstep-git-source-cb-kubecd-environment-pr-215-4-5t8dc-x7mgh[0m
{"level":"info","ts":1588820490.7847254,"logger":"fallback-logger","caller":"logging/config.go:69","msg":"Fetch GitHub commit ID from kodata failed: open /var/run/ko/refs/heads/0.8.0-ns-support: no such file or directory"}
{"level":"info","ts":1588820491.8203492,"logger":"fallback-logger","caller":"git/git.go:103","msg":"Successfully cloned https://github.com/cb-kubecd/environment-pr-215-4-gke-upgrade-production.git @ master in path /workspace/source"}

Showing logs for build [32mcb-kubecd-environment-pr-215-4-5t8dc-1[0m stage [32mfrom-build-pack[0m and container [32mstep-git-merge[0m
Using SHAs from PULL_REFS=master:58cd4baa2ad6db7b98c603f864db805bd7ad3201,1:8972109c3144063f6241543930f54b351005e66e
DEBUG: LC_ALL=C JX_LOG_LEVEL=error git fetch origin --unshallow 8972109c3144063f6241543930f54b351005e66e: 58cd4baa2ad6db7b98c603f864db805bd7ad3201:
DEBUG: ran git fetch --unshallow origin 8972109c3144063f6241543930f54b351005e66e: 58cd4baa2ad6db7b98c603f864db805bd7ad3201: in 
DEBUG: LC_ALL=C JX_LOG_LEVEL=error git branch
DEBUG: LC_ALL=C JX_LOG_LEVEL=error git checkout master
DEBUG: ran git checkout master in 
DEBUG: LC_ALL=C JX_LOG_LEVEL=error git reset --hard 58cd4baa2ad6db7b98c603f864db805bd7ad3201
DEBUG: ran git reset --hard 58cd4baa2ad6db7b98c603f864db805bd7ad3201 in 
DEBUG: LC_ALL=C JX_LOG_LEVEL=error git clean -fd .
DEBUG: ran clean --force -d . in 
DEBUG: LC_ALL=C JX_LOG_LEVEL=error git merge 8972109c3144063f6241543930f54b351005e66e
DEBUG: ran git merge 8972109c3144063f6241543930f54b351005e66e in 
DEBUG: LC_ALL=C JX_LOG_LEVEL=error git log --format=%H%x1f%an%x1f%ae%x1f%cn%x1f%ce%x1f%s%n%b%x1e 58cd4baa2ad6db7b98c603f864db805bd7ad3201..HEAD
Merged SHA 8972109c3144063f6241543930f54b351005e66e with commit message 'chore: Promote bdd-spring-1588819182 to version 0.0.1' into base branch master

Showing logs for build [32mcb-kubecd-environment-pr-215-4-5t8dc-1[0m stage [32mfrom-build-pack[0m and container [32mstep-build-helm-build[0m
WARNING: No $CHART_REPOSITORY defined so using the default value of: http://jenkins-x-chartmuseum:8080
Adding missing Helm repo: storage.googleapis.com https://storage.googleapis.com/chartmuseum.jenkins-x.io
WARNING: No secrets found on "helm/repos" due: reading the secret "helm/repos" from vault: no secret "helm/repos" not found in vault
Read credentials for https://storage.googleapis.com/chartmuseum.jenkins-x.io from vault helm/repos
Successfully added Helm repository storage.googleapis.com.
Adding missing Helm repo: jenkins-x-chartmuseum http://jenkins-x-chartmuseum:8080
WARNING: No secrets found on "helm/repos" due: reading the secret "helm/repos" from vault: no secret "helm/repos" not found in vault
Read credentials for http://jenkins-x-chartmuseum:8080 from vault helm/repos
Successfully added Helm repository jenkins-x-chartmuseum.
WARNING: No $CHART_REPOSITORY defined so using the default value of: http://jenkins-x-chartmuseum:8080
Adding missing Helm repo: chartmuseum.jenkins-x.io http://chartmuseum.jenkins-x.io
WARNING: No secrets found on "helm/repos" due: reading the secret "helm/repos" from vault: no secret "helm/repos" not found in vault
Read credentials for http://chartmuseum.jenkins-x.io from vault helm/repos
Successfully added Helm repository chartmuseum.jenkins-x.io.
